<?xml version="1.0" encoding="UTF-8"?>
<testng-results skipped="0" failed="0" ignored="0" total="1" passed="1">
  <reporter-output>
  </reporter-output>
  <suite name="Default suite" duration-ms="50661" started-at="2020-06-27T01:26:01Z" finished-at="2020-06-27T01:26:52Z">
    <groups>
    </groups>
    <test name="Default test" duration-ms="50661" started-at="2020-06-27T01:26:01Z" finished-at="2020-06-27T01:26:52Z">
      <class name="com.myframework.testCases.TC_LogonTest_001">
        <test-method status="PASS" signature="setUP()[pri:0, instance:com.myframework.testCases.TC_LogonTest_001@6156496]" name="setUP" is-config="true" duration-ms="7533" started-at="2020-06-27T01:26:01Z" finished-at="2020-06-27T01:26:09Z">
          <reporter-output>
          </reporter-output>
        </test-method> <!-- setUP -->
        <test-method status="PASS" signature="loginTest()[pri:0, instance:com.myframework.testCases.TC_LogonTest_001@6156496]" name="loginTest" duration-ms="42254" started-at="2020-06-27T01:26:09Z" finished-at="2020-06-27T01:26:51Z">
          <reporter-output>
          </reporter-output>
        </test-method> <!-- loginTest -->
        <test-method status="PASS" signature="tearDown()[pri:0, instance:com.myframework.testCases.TC_LogonTest_001@6156496]" name="tearDown" is-config="true" duration-ms="824" started-at="2020-06-27T01:26:51Z" finished-at="2020-06-27T01:26:52Z">
          <reporter-output>
          </reporter-output>
        </test-method> <!-- tearDown -->
      </class> <!-- com.myframework.testCases.TC_LogonTest_001 -->
    </test> <!-- Default test -->
  </suite> <!-- Default suite -->
</testng-results>
